mode: set
github.com/el-bulk/backend/utils/logger/logger.go:33.32,34.11 1 1
github.com/el-bulk/backend/utils/logger/logger.go:35.13,36.17 1 0
github.com/el-bulk/backend/utils/logger/logger.go:37.13,38.17 1 1
github.com/el-bulk/backend/utils/logger/logger.go:39.12,40.16 1 1
github.com/el-bulk/backend/utils/logger/logger.go:41.12,42.16 1 1
github.com/el-bulk/backend/utils/logger/logger.go:43.13,44.17 1 1
github.com/el-bulk/backend/utils/logger/logger.go:45.11,46.15 1 0
github.com/el-bulk/backend/utils/logger/logger.go:47.10,48.19 1 0
github.com/el-bulk/backend/utils/logger/logger.go:53.31,54.11 1 0
github.com/el-bulk/backend/utils/logger/logger.go:55.13,56.20 1 0
github.com/el-bulk/backend/utils/logger/logger.go:57.13,58.20 1 0
github.com/el-bulk/backend/utils/logger/logger.go:59.12,60.20 1 0
github.com/el-bulk/backend/utils/logger/logger.go:61.12,62.20 1 0
github.com/el-bulk/backend/utils/logger/logger.go:63.13,64.20 1 0
github.com/el-bulk/backend/utils/logger/logger.go:65.10,66.19 1 0
github.com/el-bulk/backend/utils/logger/logger.go:71.33,72.47 1 1
github.com/el-bulk/backend/utils/logger/logger.go:73.15,74.15 1 1
github.com/el-bulk/backend/utils/logger/logger.go:75.15,76.15 1 1
github.com/el-bulk/backend/utils/logger/logger.go:77.14,78.14 1 1
github.com/el-bulk/backend/utils/logger/logger.go:79.14,80.14 1 1
github.com/el-bulk/backend/utils/logger/logger.go:81.15,82.15 1 1
github.com/el-bulk/backend/utils/logger/logger.go:83.13,84.13 1 1
github.com/el-bulk/backend/utils/logger/logger.go:85.10,86.14 1 1
github.com/el-bulk/backend/utils/logger/logger.go:101.31,107.2 1 1
github.com/el-bulk/backend/utils/logger/logger.go:110.40,114.2 3 1
github.com/el-bulk/backend/utils/logger/logger.go:117.35,121.2 3 1
github.com/el-bulk/backend/utils/logger/logger.go:124.40,128.2 3 1
github.com/el-bulk/backend/utils/logger/logger.go:131.34,136.53 2 1
github.com/el-bulk/backend/utils/logger/logger.go:136.53,141.21 5 1
github.com/el-bulk/backend/utils/logger/logger.go:141.21,143.4 1 1
github.com/el-bulk/backend/utils/logger/logger.go:144.3,144.16 1 1
github.com/el-bulk/backend/utils/logger/logger.go:150.49,154.2 3 1
github.com/el-bulk/backend/utils/logger/logger.go:156.89,162.49 5 1
github.com/el-bulk/backend/utils/logger/logger.go:162.49,164.3 1 1
github.com/el-bulk/backend/utils/logger/logger.go:166.2,168.12 2 1
github.com/el-bulk/backend/utils/logger/logger.go:168.12,171.16 2 1
github.com/el-bulk/backend/utils/logger/logger.go:172.21,173.22 1 0
github.com/el-bulk/backend/utils/logger/logger.go:174.13,175.21 1 1
github.com/el-bulk/backend/utils/logger/logger.go:176.13,177.24 1 1
github.com/el-bulk/backend/utils/logger/logger.go:178.14,179.22 1 0
github.com/el-bulk/backend/utils/logger/logger.go:183.3,190.17 2 1
github.com/el-bulk/backend/utils/logger/logger.go:190.17,191.72 1 1
github.com/el-bulk/backend/utils/logger/logger.go:191.72,192.26 1 1
github.com/el-bulk/backend/utils/logger/logger.go:192.26,194.6 1 1
github.com/el-bulk/backend/utils/logger/logger.go:194.11,197.6 1 0
github.com/el-bulk/backend/utils/logger/logger.go:201.3,203.9 3 1
github.com/el-bulk/backend/utils/logger/logger.go:206.2,211.34 3 1
github.com/el-bulk/backend/utils/logger/logger.go:211.34,213.3 1 0
github.com/el-bulk/backend/utils/logger/logger.go:215.2,215.13 1 1
github.com/el-bulk/backend/utils/logger/logger.go:215.13,217.3 1 0
github.com/el-bulk/backend/utils/logger/logger.go:219.2,219.71 1 1
github.com/el-bulk/backend/utils/logger/logger.go:223.57,225.2 1 0
github.com/el-bulk/backend/utils/logger/logger.go:228.57,230.2 1 1
github.com/el-bulk/backend/utils/logger/logger.go:233.56,235.2 1 1
github.com/el-bulk/backend/utils/logger/logger.go:238.56,240.2 1 1
github.com/el-bulk/backend/utils/logger/logger.go:243.57,245.2 1 1
github.com/el-bulk/backend/utils/logger/logger.go:248.81,250.2 1 1
github.com/el-bulk/backend/utils/logger/logger.go:253.81,255.2 1 1
github.com/el-bulk/backend/utils/logger/logger.go:258.80,260.2 1 1
github.com/el-bulk/backend/utils/logger/logger.go:263.80,265.2 1 0
github.com/el-bulk/backend/utils/logger/logger.go:268.81,270.2 1 0
github.com/el-bulk/backend/utils/logger/logger.go:276.28,276.55 1 1
github.com/el-bulk/backend/utils/logger/logger.go:279.28,279.56 1 0
github.com/el-bulk/backend/utils/logger/logger.go:282.22,282.49 1 0
github.com/el-bulk/backend/utils/logger/logger.go:285.45,285.76 1 0
github.com/el-bulk/backend/utils/logger/logger.go:288.45,288.76 1 1
github.com/el-bulk/backend/utils/logger/logger.go:291.44,291.74 1 1
github.com/el-bulk/backend/utils/logger/logger.go:294.44,294.74 1 1
github.com/el-bulk/backend/utils/logger/logger.go:297.45,297.76 1 1
github.com/el-bulk/backend/utils/logger/logger.go:300.69,302.2 1 1
github.com/el-bulk/backend/utils/logger/logger.go:305.69,307.2 1 1
github.com/el-bulk/backend/utils/logger/logger.go:310.68,312.2 1 1
github.com/el-bulk/backend/utils/logger/logger.go:315.68,317.2 1 0
github.com/el-bulk/backend/utils/logger/logger.go:320.69,322.2 1 0
github.com/el-bulk/backend/utils/logger/logger.go:325.52,326.71 1 1
github.com/el-bulk/backend/utils/logger/logger.go:326.71,332.24 4 1
github.com/el-bulk/backend/utils/logger/logger.go:332.24,334.22 2 0
github.com/el-bulk/backend/utils/logger/logger.go:334.22,336.5 1 0
github.com/el-bulk/backend/utils/logger/logger.go:340.3,352.23 7 1
github.com/el-bulk/backend/utils/logger/logger.go:352.23,354.4 1 0
github.com/el-bulk/backend/utils/logger/logger.go:354.9,354.30 1 1
github.com/el-bulk/backend/utils/logger/logger.go:354.30,356.4 1 0
github.com/el-bulk/backend/utils/logger/logger.go:356.9,359.4 2 1
github.com/el-bulk/backend/utils/logger/logger.go:364.48,365.71 1 0
github.com/el-bulk/backend/utils/logger/logger.go:365.71,366.16 1 0
github.com/el-bulk/backend/utils/logger/logger.go:366.16,367.36 1 0
github.com/el-bulk/backend/utils/logger/logger.go:367.36,368.36 1 0
github.com/el-bulk/backend/utils/logger/logger.go:368.36,369.16 1 0
github.com/el-bulk/backend/utils/logger/logger.go:373.5,375.48 2 0
github.com/el-bulk/backend/utils/logger/logger.go:375.48,377.6 1 0
github.com/el-bulk/backend/utils/logger/logger.go:381.3,381.23 1 0
github.com/el-bulk/backend/utils/logger/logger.go:390.54,393.2 2 1
github.com/el-bulk/backend/service/accounting_service.go:14.99,16.2 1 0
github.com/el-bulk/backend/service/accounting_service.go:18.108,20.16 2 0
github.com/el-bulk/backend/service/accounting_service.go:20.16,22.3 1 0
github.com/el-bulk/backend/service/accounting_service.go:23.2,23.111 1 0
github.com/el-bulk/backend/service/admin_service.go:13.57,15.2 1 0
github.com/el-bulk/backend/service/admin_service.go:17.99,19.2 1 0
github.com/el-bulk/backend/service/admin_service.go:21.87,23.2 1 0
github.com/el-bulk/backend/service/admin_service.go:25.93,27.2 1 0
github.com/el-bulk/backend/service/admin_service.go:29.95,31.2 1 0
github.com/el-bulk/backend/service/audit_service.go:24.79,29.2 1 1
github.com/el-bulk/backend/service/audit_service.go:33.118,34.32 1 1
github.com/el-bulk/backend/service/audit_service.go:34.32,36.3 1 0
github.com/el-bulk/backend/service/audit_service.go:37.2,40.42 3 1
github.com/el-bulk/backend/service/audit_service.go:40.42,42.33 2 1
github.com/el-bulk/backend/service/audit_service.go:42.33,44.4 1 1
github.com/el-bulk/backend/service/audit_service.go:44.9,46.4 1 1
github.com/el-bulk/backend/service/audit_service.go:49.2,57.19 2 1
github.com/el-bulk/backend/service/audit_service.go:57.19,59.3 1 1
github.com/el-bulk/backend/service/audit_service.go:61.2,61.49 1 1
github.com/el-bulk/backend/service/audit_service.go:61.49,63.3 1 0
github.com/el-bulk/backend/service/audit_service.go:66.140,67.32 1 0
github.com/el-bulk/backend/service/audit_service.go:67.32,69.3 1 0
github.com/el-bulk/backend/service/audit_service.go:70.2,70.73 1 0
github.com/el-bulk/backend/service/auth_service.go:14.54,16.2 1 0
github.com/el-bulk/backend/service/auth_service.go:18.110,20.2 1 0
github.com/el-bulk/backend/service/auth_service.go:22.84,24.2 1 0
github.com/el-bulk/backend/service/auth_service.go:26.104,28.2 1 0
github.com/el-bulk/backend/service/auth_service.go:30.115,32.2 1 0
github.com/el-bulk/backend/service/auth_service.go:34.97,36.2 1 0
github.com/el-bulk/backend/service/auth_service.go:38.103,40.2 1 0
github.com/el-bulk/backend/service/auth_service.go:42.161,44.2 1 0
github.com/el-bulk/backend/service/auth_service.go:46.89,48.2 1 0
github.com/el-bulk/backend/service/auth_service.go:50.100,52.2 1 0
github.com/el-bulk/backend/service/auth_service.go:54.91,56.16 2 0
github.com/el-bulk/backend/service/auth_service.go:56.16,58.3 1 0
github.com/el-bulk/backend/service/auth_service.go:60.2,61.16 2 0
github.com/el-bulk/backend/service/auth_service.go:61.16,63.3 1 0
github.com/el-bulk/backend/service/auth_service.go:64.2,71.22 5 0
github.com/el-bulk/backend/service/auth_service.go:74.105,79.2 4 0
github.com/el-bulk/backend/service/bounty_service.go:17.60,19.2 1 0
github.com/el-bulk/backend/service/bounty_service.go:21.118,23.16 2 0
github.com/el-bulk/backend/service/bounty_service.go:23.16,25.3 1 0
github.com/el-bulk/backend/service/bounty_service.go:26.2,26.21 1 0
github.com/el-bulk/backend/service/bounty_service.go:26.21,28.3 1 0
github.com/el-bulk/backend/service/bounty_service.go:30.2,30.26 1 0
github.com/el-bulk/backend/service/bounty_service.go:30.26,32.3 1 0
github.com/el-bulk/backend/service/bounty_service.go:34.2,34.22 1 0
github.com/el-bulk/backend/service/bounty_service.go:37.109,38.41 1 0
github.com/el-bulk/backend/service/bounty_service.go:38.41,40.3 1 0
github.com/el-bulk/backend/service/bounty_service.go:41.2,42.27 2 0
github.com/el-bulk/backend/service/bounty_service.go:42.27,44.3 1 0
github.com/el-bulk/backend/service/bounty_service.go:45.2,45.51 1 0
github.com/el-bulk/backend/service/bounty_service.go:48.120,50.27 2 0
github.com/el-bulk/backend/service/bounty_service.go:50.27,52.3 1 0
github.com/el-bulk/backend/service/bounty_service.go:53.2,53.55 1 0
github.com/el-bulk/backend/service/bounty_service.go:56.85,58.2 1 0
github.com/el-bulk/backend/service/bounty_service.go:62.87,64.16 2 0
github.com/el-bulk/backend/service/bounty_service.go:64.16,66.3 1 0
github.com/el-bulk/backend/service/bounty_service.go:67.2,67.19 1 0
github.com/el-bulk/backend/service/bounty_service.go:67.19,69.3 1 0
github.com/el-bulk/backend/service/bounty_service.go:71.2,71.24 1 0
github.com/el-bulk/backend/service/bounty_service.go:71.24,73.3 1 0
github.com/el-bulk/backend/service/bounty_service.go:74.2,74.20 1 0
github.com/el-bulk/backend/service/bounty_service.go:77.134,78.85 1 0
github.com/el-bulk/backend/service/bounty_service.go:78.85,80.3 1 0
github.com/el-bulk/backend/service/bounty_service.go:81.2,81.25 1 0
github.com/el-bulk/backend/service/bounty_service.go:81.25,83.3 1 0
github.com/el-bulk/backend/service/bounty_service.go:85.2,89.16 2 0
github.com/el-bulk/backend/service/bounty_service.go:89.16,91.3 1 0
github.com/el-bulk/backend/service/bounty_service.go:93.2,94.55 2 0
github.com/el-bulk/backend/service/bounty_service.go:94.55,96.3 1 0
github.com/el-bulk/backend/service/bounty_service.go:97.2,97.20 1 0
github.com/el-bulk/backend/service/bounty_service.go:100.112,102.16 2 0
github.com/el-bulk/backend/service/bounty_service.go:102.16,104.3 1 0
github.com/el-bulk/backend/service/bounty_service.go:106.2,107.19 2 0
github.com/el-bulk/backend/service/bounty_service.go:110.104,112.16 2 0
github.com/el-bulk/backend/service/bounty_service.go:112.16,114.3 1 0
github.com/el-bulk/backend/service/bounty_service.go:115.2,115.19 1 0
github.com/el-bulk/backend/service/bounty_service.go:115.19,117.3 1 0
github.com/el-bulk/backend/service/bounty_service.go:120.2,120.24 1 0
github.com/el-bulk/backend/service/bounty_service.go:120.24,125.3 1 0
github.com/el-bulk/backend/service/bounty_service.go:126.2,126.20 1 0
github.com/el-bulk/backend/service/bounty_service.go:129.85,131.16 2 0
github.com/el-bulk/backend/service/bounty_service.go:131.16,133.3 1 0
github.com/el-bulk/backend/service/bounty_service.go:134.2,134.15 1 0
github.com/el-bulk/backend/service/bounty_service.go:134.15,136.3 1 0
github.com/el-bulk/backend/service/bounty_service.go:137.2,137.12 1 0
github.com/el-bulk/backend/service/bounty_service.go:142.91,144.16 2 0
github.com/el-bulk/backend/service/bounty_service.go:144.16,146.3 1 0
github.com/el-bulk/backend/service/bounty_service.go:147.2,147.21 1 0
github.com/el-bulk/backend/service/bounty_service.go:147.21,149.3 1 0
github.com/el-bulk/backend/service/bounty_service.go:151.2,151.26 1 0
github.com/el-bulk/backend/service/bounty_service.go:151.26,153.3 1 0
github.com/el-bulk/backend/service/bounty_service.go:154.2,154.22 1 0
github.com/el-bulk/backend/service/bounty_service.go:157.140,158.85 1 0
github.com/el-bulk/backend/service/bounty_service.go:158.85,160.3 1 0
github.com/el-bulk/backend/service/bounty_service.go:162.2,166.16 2 0
github.com/el-bulk/backend/service/bounty_service.go:166.16,168.3 1 0
github.com/el-bulk/backend/service/bounty_service.go:170.2,171.53 2 0
github.com/el-bulk/backend/service/bounty_service.go:171.53,173.3 1 0
github.com/el-bulk/backend/service/bounty_service.go:174.2,174.18 1 0
github.com/el-bulk/backend/service/bounty_service.go:177.116,179.16 2 0
github.com/el-bulk/backend/service/bounty_service.go:179.16,181.3 1 0
github.com/el-bulk/backend/service/bounty_service.go:183.2,184.17 2 0
github.com/el-bulk/backend/service/bounty_service.go:187.108,189.16 2 0
github.com/el-bulk/backend/service/bounty_service.go:189.16,191.3 1 0
github.com/el-bulk/backend/service/bounty_service.go:192.2,192.21 1 0
github.com/el-bulk/backend/service/bounty_service.go:192.21,194.3 1 0
github.com/el-bulk/backend/service/bounty_service.go:197.2,197.22 1 0
github.com/el-bulk/backend/service/bounty_service.go:200.87,202.16 2 0
github.com/el-bulk/backend/service/bounty_service.go:202.16,204.3 1 0
github.com/el-bulk/backend/service/bounty_service.go:205.2,205.15 1 0
github.com/el-bulk/backend/service/bounty_service.go:205.15,207.3 1 0
github.com/el-bulk/backend/service/bounty_service.go:208.2,208.12 1 0
github.com/el-bulk/backend/service/category_service.go:18.77,20.2 1 0
github.com/el-bulk/backend/service/category_service.go:22.100,25.16 3 0
github.com/el-bulk/backend/service/category_service.go:25.16,27.3 1 0
github.com/el-bulk/backend/service/category_service.go:28.2,30.28 2 0
github.com/el-bulk/backend/service/category_service.go:30.28,32.3 1 0
github.com/el-bulk/backend/service/category_service.go:34.2,34.24 1 0
github.com/el-bulk/backend/service/category_service.go:37.121,40.16 3 0
github.com/el-bulk/backend/service/category_service.go:40.16,42.3 1 0
github.com/el-bulk/backend/service/category_service.go:43.2,43.17 1 0
github.com/el-bulk/backend/service/category_service.go:46.130,50.16 4 0
github.com/el-bulk/backend/service/category_service.go:50.16,55.3 1 0
github.com/el-bulk/backend/service/category_service.go:56.2,56.17 1 0
github.com/el-bulk/backend/service/category_service.go:59.72,67.16 5 0
github.com/el-bulk/backend/service/category_service.go:67.16,72.3 1 0
github.com/el-bulk/backend/service/category_service.go:73.2,73.12 1 0
github.com/el-bulk/backend/service/category_service.go:76.99,77.26 1 0
github.com/el-bulk/backend/service/category_service.go:77.26,79.3 1 0
github.com/el-bulk/backend/service/category_service.go:80.2,83.28 3 0
github.com/el-bulk/backend/service/category_service.go:83.28,84.82 1 0
github.com/el-bulk/backend/service/category_service.go:84.82,86.4 1 0
github.com/el-bulk/backend/service/category_service.go:87.3,87.38 1 0
github.com/el-bulk/backend/service/category_service.go:90.2,90.19 1 0
github.com/el-bulk/backend/service/category_service.go:90.19,92.3 1 0
github.com/el-bulk/backend/service/category_service.go:94.2,105.16 2 0
github.com/el-bulk/backend/service/category_service.go:105.16,107.3 1 0
github.com/el-bulk/backend/service/category_service.go:109.2,110.98 2 0
github.com/el-bulk/backend/service/category_service.go:110.98,112.29 2 0
github.com/el-bulk/backend/service/category_service.go:112.29,114.4 1 0
github.com/el-bulk/backend/service/category_service.go:115.3,115.29 1 0
github.com/el-bulk/backend/service/category_service.go:115.29,116.32 1 0
github.com/el-bulk/backend/service/category_service.go:116.32,118.5 1 0
github.com/el-bulk/backend/service/health_service.go:14.60,16.2 1 0
github.com/el-bulk/backend/service/health_service.go:38.57,40.2 1 0
github.com/el-bulk/backend/service/health_service.go:42.44,44.2 1 0
github.com/el-bulk/backend/service/health_service.go:46.73,50.16 3 0
github.com/el-bulk/backend/service/health_service.go:50.16,52.3 1 0
github.com/el-bulk/backend/service/health_service.go:54.2,55.16 2 0
github.com/el-bulk/backend/service/health_service.go:55.16,57.3 1 0
github.com/el-bulk/backend/service/health_service.go:59.2,60.16 2 0
github.com/el-bulk/backend/service/health_service.go:60.16,62.3 1 0
github.com/el-bulk/backend/service/health_service.go:62.8,64.3 1 0
github.com/el-bulk/backend/service/health_service.go:66.2,69.16 3 0
github.com/el-bulk/backend/service/health_service.go:69.16,71.3 1 0
github.com/el-bulk/backend/service/health_service.go:72.2,90.19 12 0
github.com/el-bulk/backend/service/health_service.go:90.19,92.17 2 0
github.com/el-bulk/backend/service/health_service.go:92.17,93.36 1 0
github.com/el-bulk/backend/service/health_service.go:93.36,100.5 2 0
github.com/el-bulk/backend/service/health_service.go:103.2,103.38 1 0
github.com/el-bulk/backend/service/health_service.go:103.38,105.3 1 0
github.com/el-bulk/backend/service/health_service.go:107.2,107.19 1 0
github.com/el-bulk/backend/service/newsletter_service.go:13.72,15.2 1 0
github.com/el-bulk/backend/service/newsletter_service.go:17.90,19.16 2 0
github.com/el-bulk/backend/service/newsletter_service.go:19.16,21.3 1 0
github.com/el-bulk/backend/service/newsletter_service.go:22.2,22.15 1 0
github.com/el-bulk/backend/service/newsletter_service.go:22.15,24.3 1 0
github.com/el-bulk/backend/service/newsletter_service.go:27.2,30.16 3 0
github.com/el-bulk/backend/service/newsletter_service.go:30.16,32.3 1 0
github.com/el-bulk/backend/service/newsletter_service.go:33.2,33.39 1 0
github.com/el-bulk/backend/service/newsletter_service.go:36.82,38.2 1 0
github.com/el-bulk/backend/service/newsletter_service.go:40.97,42.16 2 0
github.com/el-bulk/backend/service/newsletter_service.go:42.16,44.3 1 0
github.com/el-bulk/backend/service/newsletter_service.go:45.2,45.17 1 0
github.com/el-bulk/backend/service/newsletter_service.go:45.17,47.3 1 0
github.com/el-bulk/backend/service/newsletter_service.go:48.2,48.18 1 0
github.com/el-bulk/backend/service/notice_service.go:14.60,16.2 1 0
github.com/el-bulk/backend/service/notice_service.go:18.105,21.2 2 0
github.com/el-bulk/backend/service/notice_service.go:23.93,26.2 2 0
github.com/el-bulk/backend/service/notice_service.go:28.103,31.2 2 0
github.com/el-bulk/backend/service/notice_service.go:33.114,36.2 2 0
github.com/el-bulk/backend/service/notice_service.go:38.70,41.2 2 0
github.com/el-bulk/backend/service/order_service.go:27.148,35.2 1 1
github.com/el-bulk/backend/service/order_service.go:38.140,42.16 3 0
github.com/el-bulk/backend/service/order_service.go:42.16,44.3 1 0
github.com/el-bulk/backend/service/order_service.go:47.2,48.35 2 0
github.com/el-bulk/backend/service/order_service.go:48.35,49.24 1 0
github.com/el-bulk/backend/service/order_service.go:49.24,51.4 1 0
github.com/el-bulk/backend/service/order_service.go:54.2,54.26 1 0
github.com/el-bulk/backend/service/order_service.go:54.26,56.3 1 0
github.com/el-bulk/backend/service/order_service.go:59.2,61.16 3 0
github.com/el-bulk/backend/service/order_service.go:61.16,63.3 1 0
github.com/el-bulk/backend/service/order_service.go:64.2,64.100 1 0
github.com/el-bulk/backend/service/order_service.go:64.100,66.3 1 0
github.com/el-bulk/backend/service/order_service.go:68.2,69.29 2 0
github.com/el-bulk/backend/service/order_service.go:69.29,71.3 1 0
github.com/el-bulk/backend/service/order_service.go:74.2,86.16 5 0
github.com/el-bulk/backend/service/order_service.go:86.16,88.17 2 0
github.com/el-bulk/backend/service/order_service.go:88.17,89.29 1 0
github.com/el-bulk/backend/service/order_service.go:89.29,91.5 1 0
github.com/el-bulk/backend/service/order_service.go:96.2,98.35 3 0
github.com/el-bulk/backend/service/order_service.go:98.35,100.32 2 0
github.com/el-bulk/backend/service/order_service.go:100.32,101.12 1 0
github.com/el-bulk/backend/service/order_service.go:103.3,116.5 3 0
github.com/el-bulk/backend/service/order_service.go:119.2,119.26 1 0
github.com/el-bulk/backend/service/order_service.go:119.26,121.3 1 0
github.com/el-bulk/backend/service/order_service.go:123.2,124.26 2 0
github.com/el-bulk/backend/service/order_service.go:124.26,126.3 1 0
github.com/el-bulk/backend/service/order_service.go:127.2,157.16 9 0
github.com/el-bulk/backend/service/order_service.go:157.16,159.3 1 0
github.com/el-bulk/backend/service/order_service.go:159.8,161.3 1 0
github.com/el-bulk/backend/service/order_service.go:162.2,162.44 1 0
github.com/el-bulk/backend/service/order_service.go:165.119,168.16 3 0
github.com/el-bulk/backend/service/order_service.go:168.16,170.3 1 0
github.com/el-bulk/backend/service/order_service.go:172.2,173.16 2 0
github.com/el-bulk/backend/service/order_service.go:173.16,175.3 1 0
github.com/el-bulk/backend/service/order_service.go:178.2,183.16 5 0
github.com/el-bulk/backend/service/order_service.go:183.16,185.3 1 0
github.com/el-bulk/backend/service/order_service.go:187.2,197.17 4 0
github.com/el-bulk/backend/service/order_service.go:200.110,206.16 4 0
github.com/el-bulk/backend/service/order_service.go:206.16,208.3 1 0
github.com/el-bulk/backend/service/order_service.go:209.2,214.16 4 0
github.com/el-bulk/backend/service/order_service.go:214.16,216.3 1 0
github.com/el-bulk/backend/service/order_service.go:218.2,218.66 1 0
github.com/el-bulk/backend/service/order_service.go:218.66,220.3 1 0
github.com/el-bulk/backend/service/order_service.go:222.2,223.52 2 0
github.com/el-bulk/backend/service/order_service.go:223.52,225.3 1 0
github.com/el-bulk/backend/service/order_service.go:227.2,228.83 2 0
github.com/el-bulk/backend/service/order_service.go:228.83,230.3 1 0
github.com/el-bulk/backend/service/order_service.go:233.2,233.142 1 0
github.com/el-bulk/backend/service/order_service.go:233.142,234.26 1 0
github.com/el-bulk/backend/service/order_service.go:234.26,238.56 3 0
github.com/el-bulk/backend/service/order_service.go:238.56,240.5 1 0
github.com/el-bulk/backend/service/order_service.go:243.4,243.126 1 0
github.com/el-bulk/backend/service/order_service.go:243.126,245.5 1 0
github.com/el-bulk/backend/service/order_service.go:248.3,257.17 2 0
github.com/el-bulk/backend/service/order_service.go:257.17,259.4 1 0
github.com/el-bulk/backend/service/order_service.go:262.3,262.88 1 0
github.com/el-bulk/backend/service/order_service.go:262.88,265.18 3 0
github.com/el-bulk/backend/service/order_service.go:265.18,267.5 1 0
github.com/el-bulk/backend/service/order_service.go:269.4,277.18 2 0
github.com/el-bulk/backend/service/order_service.go:277.18,279.5 1 0
github.com/el-bulk/backend/service/order_service.go:284.2,284.26 1 0
github.com/el-bulk/backend/service/order_service.go:284.26,286.36 2 0
github.com/el-bulk/backend/service/order_service.go:286.36,288.4 1 0
github.com/el-bulk/backend/service/order_service.go:290.3,296.17 2 0
github.com/el-bulk/backend/service/order_service.go:296.17,298.4 1 0
github.com/el-bulk/backend/service/order_service.go:300.3,309.17 4 0
github.com/el-bulk/backend/service/order_service.go:309.17,311.4 1 0
github.com/el-bulk/backend/service/order_service.go:313.3,314.37 2 0
github.com/el-bulk/backend/service/order_service.go:314.37,316.4 1 0
github.com/el-bulk/backend/service/order_service.go:318.3,318.36 1 0
github.com/el-bulk/backend/service/order_service.go:318.36,320.15 2 0
github.com/el-bulk/backend/service/order_service.go:320.15,322.5 1 0
github.com/el-bulk/backend/service/order_service.go:324.4,325.11 2 0
github.com/el-bulk/backend/service/order_service.go:325.11,326.13 1 0
github.com/el-bulk/backend/service/order_service.go:329.4,330.18 2 0
github.com/el-bulk/backend/service/order_service.go:330.18,331.13 1 0
github.com/el-bulk/backend/service/order_service.go:334.4,334.42 1 0
github.com/el-bulk/backend/service/order_service.go:334.42,336.5 1 0
github.com/el-bulk/backend/service/order_service.go:338.4,340.18 2 0
github.com/el-bulk/backend/service/order_service.go:340.18,342.5 1 0
github.com/el-bulk/backend/service/order_service.go:344.4,350.18 2 0
github.com/el-bulk/backend/service/order_service.go:350.18,352.5 1 0
github.com/el-bulk/backend/service/order_service.go:357.2,357.31 1 0
github.com/el-bulk/backend/service/order_service.go:357.31,359.41 2 0
github.com/el-bulk/backend/service/order_service.go:359.41,360.25 1 0
github.com/el-bulk/backend/service/order_service.go:360.25,362.5 1 0
github.com/el-bulk/backend/service/order_service.go:365.3,376.26 3 0
github.com/el-bulk/backend/service/order_service.go:376.26,378.18 2 0
github.com/el-bulk/backend/service/order_service.go:378.18,380.5 1 0
github.com/el-bulk/backend/service/order_service.go:381.4,385.18 4 0
github.com/el-bulk/backend/service/order_service.go:385.18,387.5 1 0
github.com/el-bulk/backend/service/order_service.go:389.4,389.31 1 0
github.com/el-bulk/backend/service/order_service.go:389.31,391.5 1 0
github.com/el-bulk/backend/service/order_service.go:394.3,404.41 8 0
github.com/el-bulk/backend/service/order_service.go:404.41,405.26 1 0
github.com/el-bulk/backend/service/order_service.go:405.26,406.13 1 0
github.com/el-bulk/backend/service/order_service.go:409.4,410.11 2 0
github.com/el-bulk/backend/service/order_service.go:410.11,412.5 1 0
github.com/el-bulk/backend/service/order_service.go:414.4,414.37 1 0
github.com/el-bulk/backend/service/order_service.go:414.37,416.5 1 0
github.com/el-bulk/backend/service/order_service.go:418.4,426.19 7 0
github.com/el-bulk/backend/service/order_service.go:429.3,429.15 1 0
github.com/el-bulk/backend/service/order_service.go:429.15,435.18 3 0
github.com/el-bulk/backend/service/order_service.go:435.18,437.5 1 0
github.com/el-bulk/backend/service/order_service.go:439.4,445.18 3 0
github.com/el-bulk/backend/service/order_service.go:445.18,447.5 1 0
github.com/el-bulk/backend/service/order_service.go:452.2,452.42 1 0
github.com/el-bulk/backend/service/order_service.go:452.42,458.17 3 0
github.com/el-bulk/backend/service/order_service.go:458.17,459.12 1 0
github.com/el-bulk/backend/service/order_service.go:462.3,463.17 2 0
github.com/el-bulk/backend/service/order_service.go:463.17,465.4 1 0
github.com/el-bulk/backend/service/order_service.go:467.3,473.17 2 0
github.com/el-bulk/backend/service/order_service.go:473.17,475.4 1 0
github.com/el-bulk/backend/service/order_service.go:479.2,492.16 3 0
github.com/el-bulk/backend/service/order_service.go:492.16,496.17 3 0
github.com/el-bulk/backend/service/order_service.go:496.17,498.4 1 0
github.com/el-bulk/backend/service/order_service.go:499.3,499.112 1 0
github.com/el-bulk/backend/service/order_service.go:502.2,502.36 1 0
github.com/el-bulk/backend/service/order_service.go:502.36,504.3 1 0
github.com/el-bulk/backend/service/order_service.go:506.2,512.12 3 0
github.com/el-bulk/backend/service/order_service.go:515.116,517.16 2 1
github.com/el-bulk/backend/service/order_service.go:517.16,519.3 1 0
github.com/el-bulk/backend/service/order_service.go:520.2,521.34 2 1
github.com/el-bulk/backend/service/order_service.go:521.34,523.3 1 1
github.com/el-bulk/backend/service/order_service.go:524.2,524.12 1 1
github.com/el-bulk/backend/service/order_service.go:527.116,529.16 2 1
github.com/el-bulk/backend/service/order_service.go:529.16,531.3 1 0
github.com/el-bulk/backend/service/order_service.go:532.2,533.34 2 1
github.com/el-bulk/backend/service/order_service.go:533.34,535.3 1 1
github.com/el-bulk/backend/service/order_service.go:536.2,536.12 1 1
github.com/el-bulk/backend/service/order_service.go:539.157,542.16 3 1
github.com/el-bulk/backend/service/order_service.go:542.16,544.3 1 0
github.com/el-bulk/backend/service/order_service.go:546.2,549.27 4 1
github.com/el-bulk/backend/service/order_service.go:552.104,560.16 3 0
github.com/el-bulk/backend/service/order_service.go:560.16,562.3 1 0
github.com/el-bulk/backend/service/order_service.go:563.2,563.19 1 0
github.com/el-bulk/backend/service/order_service.go:563.19,565.3 1 0
github.com/el-bulk/backend/service/order_service.go:566.2,566.20 1 0
github.com/el-bulk/backend/service/order_service.go:569.84,572.16 3 0
github.com/el-bulk/backend/service/order_service.go:572.16,574.3 1 0
github.com/el-bulk/backend/service/order_service.go:575.2,582.16 3 0
github.com/el-bulk/backend/service/order_service.go:582.16,584.3 1 0
github.com/el-bulk/backend/service/order_service.go:585.2,586.15 2 0
github.com/el-bulk/backend/service/order_service.go:586.15,588.3 1 0
github.com/el-bulk/backend/service/order_service.go:591.2,593.16 3 0
github.com/el-bulk/backend/service/order_service.go:593.16,595.3 1 0
github.com/el-bulk/backend/service/order_service.go:597.2,605.16 2 0
github.com/el-bulk/backend/service/order_service.go:605.16,607.3 1 0
github.com/el-bulk/backend/service/order_service.go:609.2,609.20 1 0
github.com/el-bulk/backend/service/order_service.go:613.53,616.40 3 1
github.com/el-bulk/backend/service/order_service.go:616.40,619.3 1 0
github.com/el-bulk/backend/service/order_service.go:620.2,620.62 1 1
github.com/el-bulk/backend/service/order_service.go:623.97,625.27 2 0
github.com/el-bulk/backend/service/order_service.go:625.27,627.26 2 0
github.com/el-bulk/backend/service/order_service.go:627.26,628.34 1 0
github.com/el-bulk/backend/service/order_service.go:628.34,630.5 1 0
github.com/el-bulk/backend/service/order_service.go:633.2,633.17 1 0
github.com/el-bulk/backend/service/order_service.go:633.17,635.3 1 0
github.com/el-bulk/backend/service/order_service.go:636.2,636.57 1 0
github.com/el-bulk/backend/service/order_service.go:636.57,638.3 1 0
github.com/el-bulk/backend/service/order_service.go:640.2,641.22 2 0
github.com/el-bulk/backend/service/order_service.go:642.26,644.42 1 0
github.com/el-bulk/backend/service/order_service.go:645.17,647.34 2 0
github.com/el-bulk/backend/service/order_service.go:647.34,649.4 1 0
github.com/el-bulk/backend/service/order_service.go:650.3,651.52 1 0
github.com/el-bulk/backend/service/order_service.go:652.10,653.112 1 0
github.com/el-bulk/backend/service/order_service.go:656.2,656.77 1 0
github.com/el-bulk/backend/service/product_service.go:25.126,32.2 1 1
github.com/el-bulk/backend/service/product_service.go:34.136,37.16 3 0
github.com/el-bulk/backend/service/product_service.go:37.16,39.3 1 0
github.com/el-bulk/backend/service/product_service.go:39.8,43.3 3 0
github.com/el-bulk/backend/service/product_service.go:45.2,46.16 2 0
github.com/el-bulk/backend/service/product_service.go:46.16,48.3 1 0
github.com/el-bulk/backend/service/product_service.go:52.2,52.75 1 0
github.com/el-bulk/backend/service/product_service.go:52.75,54.3 1 0
github.com/el-bulk/backend/service/product_service.go:56.2,57.16 2 0
github.com/el-bulk/backend/service/product_service.go:57.16,59.3 1 0
github.com/el-bulk/backend/service/product_service.go:61.2,67.8 1 0
github.com/el-bulk/backend/service/product_service.go:70.105,73.16 3 1
github.com/el-bulk/backend/service/product_service.go:73.16,75.3 1 0
github.com/el-bulk/backend/service/product_service.go:77.2,78.16 2 1
github.com/el-bulk/backend/service/product_service.go:78.16,80.3 1 0
github.com/el-bulk/backend/service/product_service.go:82.2,83.75 2 1
github.com/el-bulk/backend/service/product_service.go:83.75,85.3 1 0
github.com/el-bulk/backend/service/product_service.go:87.2,87.26 1 1
github.com/el-bulk/backend/service/product_service.go:90.106,94.29 2 1
github.com/el-bulk/backend/service/product_service.go:94.29,95.98 1 1
github.com/el-bulk/backend/service/product_service.go:95.98,97.4 1 0
github.com/el-bulk/backend/service/product_service.go:97.9,99.4 1 1
github.com/el-bulk/backend/service/product_service.go:103.2,104.16 2 1
github.com/el-bulk/backend/service/product_service.go:104.16,107.3 2 0
github.com/el-bulk/backend/service/product_service.go:109.2,110.16 2 1
github.com/el-bulk/backend/service/product_service.go:110.16,113.3 2 0
github.com/el-bulk/backend/service/product_service.go:115.2,115.19 1 1
github.com/el-bulk/backend/service/product_service.go:115.19,117.3 1 0
github.com/el-bulk/backend/service/product_service.go:119.2,126.16 4 1
github.com/el-bulk/backend/service/product_service.go:126.16,129.3 2 0
github.com/el-bulk/backend/service/product_service.go:131.2,135.72 3 1
github.com/el-bulk/backend/service/product_service.go:135.72,137.3 1 0
github.com/el-bulk/backend/service/product_service.go:139.2,139.26 1 1
github.com/el-bulk/backend/service/product_service.go:142.117,148.16 4 0
github.com/el-bulk/backend/service/product_service.go:148.16,151.3 2 0
github.com/el-bulk/backend/service/product_service.go:154.2,159.83 2 0
github.com/el-bulk/backend/service/product_service.go:159.83,161.3 1 0
github.com/el-bulk/backend/service/product_service.go:162.2,162.81 1 0
github.com/el-bulk/backend/service/product_service.go:162.81,164.3 1 0
github.com/el-bulk/backend/service/product_service.go:165.2,165.42 1 0
github.com/el-bulk/backend/service/product_service.go:165.42,166.81 1 0
github.com/el-bulk/backend/service/product_service.go:166.81,168.4 1 0
github.com/el-bulk/backend/service/product_service.go:169.3,169.38 1 0
github.com/el-bulk/backend/service/product_service.go:172.2,176.72 3 0
github.com/el-bulk/backend/service/product_service.go:176.72,178.3 1 0
github.com/el-bulk/backend/service/product_service.go:180.2,180.26 1 0
github.com/el-bulk/backend/service/product_service.go:183.71,189.16 4 0
github.com/el-bulk/backend/service/product_service.go:189.16,191.3 1 0
github.com/el-bulk/backend/service/product_service.go:192.2,192.12 1 0
github.com/el-bulk/backend/service/product_service.go:195.135,196.24 1 1
github.com/el-bulk/backend/service/product_service.go:196.24,198.3 1 1
github.com/el-bulk/backend/service/product_service.go:201.2,201.62 1 1
github.com/el-bulk/backend/service/product_service.go:201.62,203.3 1 0
github.com/el-bulk/backend/service/product_service.go:208.2,208.63 1 1
github.com/el-bulk/backend/service/product_service.go:208.63,210.3 1 1
github.com/el-bulk/backend/service/product_service.go:212.2,212.66 1 1
github.com/el-bulk/backend/service/product_service.go:212.66,214.3 1 1
github.com/el-bulk/backend/service/product_service.go:216.2,216.14 1 1
github.com/el-bulk/backend/service/product_service.go:216.14,218.27 1 1
github.com/el-bulk/backend/service/product_service.go:218.27,220.45 2 1
github.com/el-bulk/backend/service/product_service.go:220.45,221.20 1 1
github.com/el-bulk/backend/service/product_service.go:221.20,223.6 1 1
github.com/el-bulk/backend/service/product_service.go:225.4,225.37 1 1
github.com/el-bulk/backend/service/product_service.go:229.2,229.66 1 1
github.com/el-bulk/backend/service/product_service.go:229.66,231.3 1 1
github.com/el-bulk/backend/service/product_service.go:233.2,233.26 1 1
github.com/el-bulk/backend/service/product_service.go:233.26,235.3 1 1
github.com/el-bulk/backend/service/product_service.go:237.2,237.66 1 1
github.com/el-bulk/backend/service/product_service.go:237.66,239.3 1 1
github.com/el-bulk/backend/service/product_service.go:241.2,241.12 1 1
github.com/el-bulk/backend/service/product_service.go:244.101,245.26 1 1
github.com/el-bulk/backend/service/product_service.go:245.26,247.3 1 1
github.com/el-bulk/backend/service/product_service.go:248.2,248.12 1 1
github.com/el-bulk/backend/service/product_service.go:251.121,252.24 1 1
github.com/el-bulk/backend/service/product_service.go:252.24,254.3 1 0
github.com/el-bulk/backend/service/product_service.go:256.2,257.18 2 1
github.com/el-bulk/backend/service/product_service.go:257.18,259.3 1 1
github.com/el-bulk/backend/service/product_service.go:260.2,262.26 2 1
github.com/el-bulk/backend/service/product_service.go:262.26,263.80 1 1
github.com/el-bulk/backend/service/product_service.go:263.80,265.4 1 0
github.com/el-bulk/backend/service/product_service.go:268.2,269.19 2 1
github.com/el-bulk/backend/service/product_service.go:269.19,271.3 1 1
github.com/el-bulk/backend/service/product_service.go:272.2,273.18 2 1
github.com/el-bulk/backend/service/product_service.go:273.18,275.3 1 1
github.com/el-bulk/backend/service/product_service.go:277.2,278.29 2 1
github.com/el-bulk/backend/service/product_service.go:278.29,280.3 1 1
github.com/el-bulk/backend/service/product_service.go:282.2,283.16 2 1
github.com/el-bulk/backend/service/product_service.go:283.16,285.3 1 1
github.com/el-bulk/backend/service/product_service.go:287.2,288.28 2 1
github.com/el-bulk/backend/service/product_service.go:288.28,290.3 1 0
github.com/el-bulk/backend/service/product_service.go:292.2,292.26 1 1
github.com/el-bulk/backend/service/product_service.go:292.26,293.29 1 1
github.com/el-bulk/backend/service/product_service.go:293.29,295.4 1 0
github.com/el-bulk/backend/service/product_service.go:298.2,298.12 1 1
github.com/el-bulk/backend/service/product_service.go:301.133,303.27 2 1
github.com/el-bulk/backend/service/product_service.go:303.27,305.3 1 0
github.com/el-bulk/backend/service/product_service.go:307.2,307.31 1 1
github.com/el-bulk/backend/service/product_service.go:307.31,308.30 1 0
github.com/el-bulk/backend/service/product_service.go:308.30,309.41 1 0
github.com/el-bulk/backend/service/product_service.go:309.41,311.5 1 0
github.com/el-bulk/backend/service/product_service.go:313.4,314.50 2 0
github.com/el-bulk/backend/service/product_service.go:314.50,316.5 1 0
github.com/el-bulk/backend/service/product_service.go:318.4,318.45 1 0
github.com/el-bulk/backend/service/product_service.go:318.45,319.27 1 0
github.com/el-bulk/backend/service/product_service.go:319.27,321.6 1 0
github.com/el-bulk/backend/service/product_service.go:326.2,327.16 2 1
github.com/el-bulk/backend/service/product_service.go:327.16,329.3 1 0
github.com/el-bulk/backend/service/product_service.go:331.2,332.16 2 1
github.com/el-bulk/backend/service/product_service.go:332.16,334.3 1 0
github.com/el-bulk/backend/service/product_service.go:336.2,336.22 1 1
github.com/el-bulk/backend/service/product_service.go:339.99,345.29 5 1
github.com/el-bulk/backend/service/product_service.go:345.29,347.20 2 1
github.com/el-bulk/backend/service/product_service.go:347.20,348.12 1 0
github.com/el-bulk/backend/service/product_service.go:351.3,354.21 4 1
github.com/el-bulk/backend/service/product_service.go:354.21,357.48 3 1
github.com/el-bulk/backend/service/product_service.go:357.48,360.5 2 1
github.com/el-bulk/backend/service/product_service.go:363.3,367.49 4 1
github.com/el-bulk/backend/service/product_service.go:367.49,370.20 3 0
github.com/el-bulk/backend/service/product_service.go:370.20,373.20 3 0
github.com/el-bulk/backend/service/product_service.go:373.20,375.6 1 0
github.com/el-bulk/backend/service/product_service.go:377.9,379.23 2 1
github.com/el-bulk/backend/service/product_service.go:379.23,381.56 2 1
github.com/el-bulk/backend/service/product_service.go:381.56,384.6 2 0
github.com/el-bulk/backend/service/product_service.go:388.3,389.36 2 1
github.com/el-bulk/backend/service/product_service.go:389.36,394.4 2 0
github.com/el-bulk/backend/service/product_service.go:396.3,396.41 1 1
github.com/el-bulk/backend/service/product_service.go:396.41,401.4 2 0
github.com/el-bulk/backend/service/product_service.go:403.3,403.24 1 1
github.com/el-bulk/backend/service/product_service.go:403.24,407.4 2 1
github.com/el-bulk/backend/service/product_service.go:409.3,409.73 1 1
github.com/el-bulk/backend/service/product_service.go:409.73,411.4 1 0
github.com/el-bulk/backend/service/product_service.go:413.3,420.5 1 1
github.com/el-bulk/backend/service/product_service.go:422.2,422.68 1 1
github.com/el-bulk/backend/service/product_service.go:422.68,424.29 2 1
github.com/el-bulk/backend/service/product_service.go:424.29,425.19 1 1
github.com/el-bulk/backend/service/product_service.go:425.19,427.5 1 1
github.com/el-bulk/backend/service/product_service.go:429.3,429.17 1 1
github.com/el-bulk/backend/service/product_service.go:431.2,431.21 1 1
github.com/el-bulk/backend/service/product_service.go:434.100,437.16 3 0
github.com/el-bulk/backend/service/product_service.go:437.16,439.3 1 0
github.com/el-bulk/backend/service/product_service.go:441.2,442.72 2 0
github.com/el-bulk/backend/service/product_service.go:442.72,444.3 1 0
github.com/el-bulk/backend/service/product_service.go:446.2,446.22 1 0
github.com/el-bulk/backend/service/product_service.go:449.94,451.2 1 0
github.com/el-bulk/backend/service/product_service.go:453.103,462.2 3 0
github.com/el-bulk/backend/service/product_service.go:464.139,466.16 2 0
github.com/el-bulk/backend/service/product_service.go:466.16,468.3 1 0
github.com/el-bulk/backend/service/product_service.go:470.2,471.16 2 0
github.com/el-bulk/backend/service/product_service.go:471.16,474.3 2 0
github.com/el-bulk/backend/service/product_service.go:476.2,477.28 2 0
github.com/el-bulk/backend/service/product_service.go:477.28,478.21 1 0
github.com/el-bulk/backend/service/product_service.go:478.21,480.4 1 0
github.com/el-bulk/backend/service/product_service.go:483.2,483.27 1 0
github.com/el-bulk/backend/service/product_service.go:483.27,488.34 4 0
github.com/el-bulk/backend/service/product_service.go:488.34,491.4 2 0
github.com/el-bulk/backend/service/product_service.go:493.3,495.17 3 0
github.com/el-bulk/backend/service/product_service.go:495.17,498.4 2 0
github.com/el-bulk/backend/service/product_service.go:501.2,501.36 1 0
github.com/el-bulk/backend/service/product_service.go:501.36,503.3 1 0
github.com/el-bulk/backend/service/product_service.go:505.2,505.30 1 0
github.com/el-bulk/backend/service/product_service.go:507.155,509.19 2 1
github.com/el-bulk/backend/service/product_service.go:509.19,511.3 1 0
github.com/el-bulk/backend/service/product_service.go:514.2,515.16 2 1
github.com/el-bulk/backend/service/product_service.go:515.16,517.3 1 0
github.com/el-bulk/backend/service/product_service.go:518.2,519.16 2 1
github.com/el-bulk/backend/service/product_service.go:519.16,521.3 1 0
github.com/el-bulk/backend/service/product_service.go:522.2,524.23 2 1
github.com/el-bulk/backend/service/product_service.go:524.23,526.3 1 0
github.com/el-bulk/backend/service/product_service.go:529.2,538.16 3 1
github.com/el-bulk/backend/service/product_service.go:538.16,541.20 2 1
github.com/el-bulk/backend/service/product_service.go:541.20,545.29 2 1
github.com/el-bulk/backend/service/product_service.go:545.29,546.29 1 1
github.com/el-bulk/backend/service/product_service.go:546.29,548.6 1 0
github.com/el-bulk/backend/service/product_service.go:548.11,550.28 2 1
github.com/el-bulk/backend/service/product_service.go:550.28,552.7 1 0
github.com/el-bulk/backend/service/product_service.go:553.6,557.8 1 1
github.com/el-bulk/backend/service/product_service.go:563.4,569.31 4 1
github.com/el-bulk/backend/service/product_service.go:569.31,571.30 2 0
github.com/el-bulk/backend/service/product_service.go:571.30,576.38 3 0
github.com/el-bulk/backend/service/product_service.go:576.38,578.7 1 0
github.com/el-bulk/backend/service/product_service.go:579.6,580.46 2 0
github.com/el-bulk/backend/service/product_service.go:580.46,582.7 1 0
github.com/el-bulk/backend/service/product_service.go:583.6,589.30 2 0
github.com/el-bulk/backend/service/product_service.go:594.4,596.29 3 1
github.com/el-bulk/backend/service/product_service.go:596.29,597.41 1 1
github.com/el-bulk/backend/service/product_service.go:597.41,599.11 2 0
github.com/el-bulk/backend/service/product_service.go:602.4,602.15 1 1
github.com/el-bulk/backend/service/product_service.go:602.15,604.5 1 0
github.com/el-bulk/backend/service/product_service.go:606.4,608.29 2 1
github.com/el-bulk/backend/service/product_service.go:608.29,609.38 1 1
github.com/el-bulk/backend/service/product_service.go:609.38,611.6 1 0
github.com/el-bulk/backend/service/product_service.go:614.5,615.27 2 1
github.com/el-bulk/backend/service/product_service.go:615.27,617.6 1 0
github.com/el-bulk/backend/service/product_service.go:618.5,619.53 2 1
github.com/el-bulk/backend/service/product_service.go:619.53,621.6 1 0
github.com/el-bulk/backend/service/product_service.go:621.11,623.6 1 1
github.com/el-bulk/backend/service/product_service.go:624.5,630.27 3 1
github.com/el-bulk/backend/service/product_service.go:630.27,632.6 1 0
github.com/el-bulk/backend/service/product_service.go:633.5,644.28 4 1
github.com/el-bulk/backend/service/product_service.go:645.22,646.34 1 1
github.com/el-bulk/backend/service/product_service.go:647.23,648.35 1 0
github.com/el-bulk/backend/service/product_service.go:649.24,650.36 1 0
github.com/el-bulk/backend/service/product_service.go:653.5,653.87 1 1
github.com/el-bulk/backend/service/product_service.go:653.87,660.33 2 0
github.com/el-bulk/backend/service/product_service.go:660.33,666.7 5 0
github.com/el-bulk/backend/service/product_service.go:667.6,667.39 1 0
github.com/el-bulk/backend/service/product_service.go:671.4,671.24 1 1
github.com/el-bulk/backend/service/product_service.go:671.24,676.26 4 0
github.com/el-bulk/backend/service/product_service.go:676.26,678.6 1 0
github.com/el-bulk/backend/service/product_service.go:683.2,689.24 2 1
github.com/el-bulk/backend/service/product_service.go:692.115,693.23 1 0
github.com/el-bulk/backend/service/product_service.go:693.23,695.3 1 0
github.com/el-bulk/backend/service/product_service.go:698.2,699.28 2 0
github.com/el-bulk/backend/service/product_service.go:699.28,700.35 1 0
github.com/el-bulk/backend/service/product_service.go:700.35,702.4 1 0
github.com/el-bulk/backend/service/product_service.go:705.2,705.26 1 0
github.com/el-bulk/backend/service/product_service.go:705.26,707.3 1 0
github.com/el-bulk/backend/service/product_service.go:710.2,711.16 2 0
github.com/el-bulk/backend/service/product_service.go:711.16,714.3 2 0
github.com/el-bulk/backend/service/product_service.go:717.2,718.23 2 0
github.com/el-bulk/backend/service/product_service.go:718.23,720.17 2 0
github.com/el-bulk/backend/service/product_service.go:720.17,723.4 1 0
github.com/el-bulk/backend/service/product_service.go:726.2,727.27 2 0
github.com/el-bulk/backend/service/product_service.go:727.27,728.63 1 0
github.com/el-bulk/backend/service/product_service.go:728.63,730.4 1 0
github.com/el-bulk/backend/service/product_service.go:734.2,734.31 1 0
github.com/el-bulk/backend/service/product_service.go:734.31,739.43 3 0
github.com/el-bulk/backend/service/product_service.go:739.43,741.4 1 0
github.com/el-bulk/backend/service/product_service.go:741.9,741.42 1 0
github.com/el-bulk/backend/service/product_service.go:741.42,743.4 1 0
github.com/el-bulk/backend/service/product_service.go:745.3,748.38 3 0
github.com/el-bulk/backend/service/product_service.go:748.38,750.4 1 0
github.com/el-bulk/backend/service/product_service.go:752.3,753.35 2 0
github.com/el-bulk/backend/service/product_service.go:753.35,755.4 1 0
github.com/el-bulk/backend/service/product_service.go:756.3,757.43 2 0
github.com/el-bulk/backend/service/product_service.go:757.43,759.4 1 0
github.com/el-bulk/backend/service/product_service.go:763.3,768.46 2 0
github.com/el-bulk/backend/service/product_service.go:771.2,771.12 1 0
github.com/el-bulk/backend/service/refresh_service.go:19.90,21.2 1 0
github.com/el-bulk/backend/service/refresh_service.go:23.101,25.16 2 0
github.com/el-bulk/backend/service/refresh_service.go:25.16,28.3 2 0
github.com/el-bulk/backend/service/refresh_service.go:30.2,30.20 1 0
github.com/el-bulk/backend/service/refresh_service.go:30.20,33.3 2 0
github.com/el-bulk/backend/service/refresh_service.go:36.2,37.17 2 0
github.com/el-bulk/backend/service/refresh_service.go:37.17,38.26 1 0
github.com/el-bulk/backend/service/refresh_service.go:38.26,39.22 1 0
github.com/el-bulk/backend/service/refresh_service.go:39.22,41.5 1 0
github.com/el-bulk/backend/service/refresh_service.go:43.8,45.3 1 0
github.com/el-bulk/backend/service/refresh_service.go:47.2,47.28 1 0
github.com/el-bulk/backend/service/refresh_service.go:47.28,50.3 2 0
github.com/el-bulk/backend/service/refresh_service.go:53.2,56.33 4 0
github.com/el-bulk/backend/service/refresh_service.go:56.33,57.21 1 0
github.com/el-bulk/backend/service/refresh_service.go:57.21,59.25 2 0
github.com/el-bulk/backend/service/refresh_service.go:60.23,61.19 1 0
github.com/el-bulk/backend/service/refresh_service.go:62.35,63.21 1 0
github.com/el-bulk/backend/service/refresh_service.go:68.2,70.22 3 0
github.com/el-bulk/backend/service/refresh_service.go:70.22,74.16 3 0
github.com/el-bulk/backend/service/refresh_service.go:74.16,76.18 2 0
github.com/el-bulk/backend/service/refresh_service.go:76.18,79.5 2 0
github.com/el-bulk/backend/service/refresh_service.go:82.3,82.14 1 0
github.com/el-bulk/backend/service/refresh_service.go:82.14,84.18 2 0
github.com/el-bulk/backend/service/refresh_service.go:84.18,87.5 2 0
github.com/el-bulk/backend/service/refresh_service.go:90.3,94.17 4 0
github.com/el-bulk/backend/service/refresh_service.go:94.17,97.4 2 0
github.com/el-bulk/backend/service/refresh_service.go:99.3,103.23 4 0
github.com/el-bulk/backend/service/refresh_service.go:106.2,106.13 1 0
github.com/el-bulk/backend/service/refresh_service.go:109.169,114.16 3 0
github.com/el-bulk/backend/service/refresh_service.go:114.16,116.3 1 0
github.com/el-bulk/backend/service/refresh_service.go:119.2,124.29 3 0
github.com/el-bulk/backend/service/refresh_service.go:124.29,126.3 1 0
github.com/el-bulk/backend/service/refresh_service.go:129.2,132.21 3 0
github.com/el-bulk/backend/service/refresh_service.go:132.21,134.3 1 0
github.com/el-bulk/backend/service/refresh_service.go:135.2,145.16 3 0
github.com/el-bulk/backend/service/refresh_service.go:146.21,147.36 1 0
github.com/el-bulk/backend/service/refresh_service.go:147.36,149.4 1 0
github.com/el-bulk/backend/service/refresh_service.go:150.20,151.30 1 0
github.com/el-bulk/backend/service/refresh_service.go:151.30,153.4 1 0
github.com/el-bulk/backend/service/refresh_service.go:154.19,155.30 1 0
github.com/el-bulk/backend/service/refresh_service.go:155.30,157.4 1 0
github.com/el-bulk/backend/service/refresh_service.go:160.2,160.66 1 0
github.com/el-bulk/backend/service/revert_service.go:26.239,38.2 1 0
github.com/el-bulk/backend/service/revert_service.go:40.71,42.16 2 0
github.com/el-bulk/backend/service/revert_service.go:42.16,44.3 1 0
github.com/el-bulk/backend/service/revert_service.go:47.2,47.49 1 0
github.com/el-bulk/backend/service/revert_service.go:47.49,49.3 1 0
github.com/el-bulk/backend/service/revert_service.go:51.2,62.26 6 0
github.com/el-bulk/backend/service/revert_service.go:63.17,64.64 1 0
github.com/el-bulk/backend/service/revert_service.go:65.18,66.65 1 0
github.com/el-bulk/backend/service/revert_service.go:67.17,68.64 1 0
github.com/el-bulk/backend/service/revert_service.go:69.17,70.64 1 0
github.com/el-bulk/backend/service/revert_service.go:71.10,72.82 1 0
github.com/el-bulk/backend/service/revert_service.go:75.2,75.22 1 0
github.com/el-bulk/backend/service/revert_service.go:75.22,77.3 1 0
github.com/el-bulk/backend/service/revert_service.go:80.2,92.45 3 0
github.com/el-bulk/backend/service/revert_service.go:92.46,94.3 0 0
github.com/el-bulk/backend/service/revert_service.go:94.8,94.52 1 0
github.com/el-bulk/backend/service/revert_service.go:94.52,97.3 1 0
github.com/el-bulk/backend/service/revert_service.go:99.2,102.12 3 0
github.com/el-bulk/backend/service/revert_service.go:105.107,106.22 1 0
github.com/el-bulk/backend/service/revert_service.go:107.17,109.17 2 0
github.com/el-bulk/backend/service/revert_service.go:109.17,111.4 1 0
github.com/el-bulk/backend/service/revert_service.go:112.3,112.11 1 0
github.com/el-bulk/backend/service/revert_service.go:113.18,115.17 2 0
github.com/el-bulk/backend/service/revert_service.go:115.17,117.4 1 0
github.com/el-bulk/backend/service/revert_service.go:118.3,118.11 1 0
github.com/el-bulk/backend/service/revert_service.go:119.17,121.17 2 0
github.com/el-bulk/backend/service/revert_service.go:121.17,123.4 1 0
github.com/el-bulk/backend/service/revert_service.go:124.3,124.12 1 0
github.com/el-bulk/backend/service/revert_service.go:125.17,127.17 2 0
github.com/el-bulk/backend/service/revert_service.go:127.17,129.4 1 0
github.com/el-bulk/backend/service/revert_service.go:130.3,130.30 1 0
github.com/el-bulk/backend/service/revert_service.go:131.10,132.13 1 0
github.com/el-bulk/backend/service/revert_service.go:136.124,139.20 2 0
github.com/el-bulk/backend/service/revert_service.go:140.24,141.13 1 0
github.com/el-bulk/backend/service/revert_service.go:141.13,144.26 2 0
github.com/el-bulk/backend/service/revert_service.go:144.26,146.5 1 0
github.com/el-bulk/backend/service/revert_service.go:147.4,148.18 2 0
github.com/el-bulk/backend/service/revert_service.go:148.18,150.5 1 0
github.com/el-bulk/backend/service/revert_service.go:151.4,153.14 3 0
github.com/el-bulk/backend/service/revert_service.go:156.3,156.54 1 0
github.com/el-bulk/backend/service/revert_service.go:158.42,162.25 2 0
github.com/el-bulk/backend/service/revert_service.go:162.25,164.4 1 0
github.com/el-bulk/backend/service/revert_service.go:167.3,168.17 2 0
github.com/el-bulk/backend/service/revert_service.go:168.17,170.4 1 0
github.com/el-bulk/backend/service/revert_service.go:172.3,174.13 3 0
github.com/el-bulk/backend/service/revert_service.go:177.2,177.78 1 0
github.com/el-bulk/backend/service/revert_service.go:180.125,183.20 2 0
github.com/el-bulk/backend/service/revert_service.go:184.25,185.14 1 0
github.com/el-bulk/backend/service/revert_service.go:185.14,187.4 1 0
github.com/el-bulk/backend/service/revert_service.go:188.3,188.14 1 0
github.com/el-bulk/backend/service/revert_service.go:189.25,191.10 2 0
github.com/el-bulk/backend/service/revert_service.go:191.10,193.4 1 0
github.com/el-bulk/backend/service/revert_service.go:194.3,195.13 2 0
github.com/el-bulk/backend/service/revert_service.go:196.25,200.10 2 0
github.com/el-bulk/backend/service/revert_service.go:200.10,202.4 1 0
github.com/el-bulk/backend/service/revert_service.go:204.3,219.17 6 0
github.com/el-bulk/backend/service/revert_service.go:219.17,221.4 1 0
github.com/el-bulk/backend/service/revert_service.go:225.3,226.84 2 0
github.com/el-bulk/backend/service/revert_service.go:226.84,228.31 2 0
github.com/el-bulk/backend/service/revert_service.go:228.31,230.5 1 0
github.com/el-bulk/backend/service/revert_service.go:231.4,231.76 1 0
github.com/el-bulk/backend/service/revert_service.go:233.3,233.13 1 0
github.com/el-bulk/backend/service/revert_service.go:235.2,235.12 1 0
github.com/el-bulk/backend/service/revert_service.go:238.124,240.20 2 0
github.com/el-bulk/backend/service/revert_service.go:241.24,242.14 1 0
github.com/el-bulk/backend/service/revert_service.go:242.14,244.4 1 0
github.com/el-bulk/backend/service/revert_service.go:245.3,245.14 1 0
github.com/el-bulk/backend/service/revert_service.go:246.24,248.10 2 0
github.com/el-bulk/backend/service/revert_service.go:248.10,250.4 1 0
github.com/el-bulk/backend/service/revert_service.go:251.3,251.97 1 0
github.com/el-bulk/backend/service/revert_service.go:252.24,254.10 2 0
github.com/el-bulk/backend/service/revert_service.go:254.10,256.4 1 0
github.com/el-bulk/backend/service/revert_service.go:259.3,260.17 2 0
github.com/el-bulk/backend/service/revert_service.go:260.17,262.4 1 0
github.com/el-bulk/backend/service/revert_service.go:265.3,265.95 1 0
github.com/el-bulk/backend/service/revert_service.go:265.95,268.58 3 0
github.com/el-bulk/backend/service/revert_service.go:268.58,270.5 1 0
github.com/el-bulk/backend/service/revert_service.go:272.3,272.13 1 0
github.com/el-bulk/backend/service/revert_service.go:274.2,274.12 1 0
github.com/el-bulk/backend/service/revert_service.go:277.124,281.9 3 0
github.com/el-bulk/backend/service/revert_service.go:281.9,283.3 1 0
github.com/el-bulk/backend/service/revert_service.go:284.2,284.62 1 0
github.com/el-bulk/backend/service/revert_service.go:288.104,290.16 2 0
github.com/el-bulk/backend/service/revert_service.go:290.16,292.3 1 0
github.com/el-bulk/backend/service/revert_service.go:294.2,295.49 2 0
github.com/el-bulk/backend/service/revert_service.go:295.49,297.3 1 0
github.com/el-bulk/backend/service/revert_service.go:300.2,340.33 3 0
github.com/el-bulk/backend/service/revert_service.go:340.33,342.3 1 0
github.com/el-bulk/backend/service/revert_service.go:343.2,347.32 3 0
github.com/el-bulk/backend/service/revert_service.go:347.32,352.3 1 0
github.com/el-bulk/backend/service/revert_service.go:353.2,355.18 2 0
github.com/el-bulk/backend/service/seo_service.go:23.124,30.2 1 0
github.com/el-bulk/backend/service/seo_service.go:32.80,44.92 3 0
github.com/el-bulk/backend/service/seo_service.go:44.92,46.3 1 0
github.com/el-bulk/backend/service/seo_service.go:49.2,50.89 2 0
github.com/el-bulk/backend/service/seo_service.go:50.89,52.3 1 0
github.com/el-bulk/backend/service/seo_service.go:55.2,56.80 2 0
github.com/el-bulk/backend/service/seo_service.go:56.80,58.3 1 0
github.com/el-bulk/backend/service/seo_service.go:61.2,62.99 2 0
github.com/el-bulk/backend/service/seo_service.go:62.99,64.3 1 0
github.com/el-bulk/backend/service/seo_service.go:66.2,66.18 1 0
github.com/el-bulk/backend/service/settings_service.go:30.77,36.2 1 0
github.com/el-bulk/backend/service/settings_service.go:38.85,40.47 2 0
github.com/el-bulk/backend/service/settings_service.go:40.47,45.3 4 0
github.com/el-bulk/backend/service/settings_service.go:46.2,53.47 5 0
github.com/el-bulk/backend/service/settings_service.go:53.47,55.3 1 0
github.com/el-bulk/backend/service/settings_service.go:57.2,75.16 3 0
github.com/el-bulk/backend/service/settings_service.go:75.16,77.3 1 0
github.com/el-bulk/backend/service/settings_service.go:79.2,79.28 1 0
github.com/el-bulk/backend/service/settings_service.go:79.28,80.14 1 0
github.com/el-bulk/backend/service/settings_service.go:81.26,82.57 1 0
github.com/el-bulk/backend/service/settings_service.go:82.57,84.5 1 0
github.com/el-bulk/backend/service/settings_service.go:85.26,86.57 1 0
github.com/el-bulk/backend/service/settings_service.go:86.57,88.5 1 0
github.com/el-bulk/backend/service/settings_service.go:89.25,90.57 1 0
github.com/el-bulk/backend/service/settings_service.go:90.57,92.5 1 0
github.com/el-bulk/backend/service/settings_service.go:93.26,94.33 1 0
github.com/el-bulk/backend/service/settings_service.go:95.24,96.31 1 0
github.com/el-bulk/backend/service/settings_service.go:97.24,98.31 1 0
github.com/el-bulk/backend/service/settings_service.go:99.28,100.35 1 0
github.com/el-bulk/backend/service/settings_service.go:101.24,102.31 1 0
github.com/el-bulk/backend/service/settings_service.go:103.24,104.30 1 0
github.com/el-bulk/backend/service/settings_service.go:105.27,106.33 1 0
github.com/el-bulk/backend/service/settings_service.go:107.32,108.57 1 0
github.com/el-bulk/backend/service/settings_service.go:108.57,110.5 1 0
github.com/el-bulk/backend/service/settings_service.go:111.30,112.47 1 0
github.com/el-bulk/backend/service/settings_service.go:112.47,114.5 1 0
github.com/el-bulk/backend/service/settings_service.go:115.29,116.47 1 0
github.com/el-bulk/backend/service/settings_service.go:116.47,118.5 1 0
github.com/el-bulk/backend/service/settings_service.go:119.29,120.47 1 0
github.com/el-bulk/backend/service/settings_service.go:120.47,122.5 1 0
github.com/el-bulk/backend/service/settings_service.go:123.25,124.32 1 0
github.com/el-bulk/backend/service/settings_service.go:125.33,126.49 1 0
github.com/el-bulk/backend/service/settings_service.go:130.2,133.22 3 0
github.com/el-bulk/backend/service/settings_service.go:136.80,139.16 3 0
github.com/el-bulk/backend/service/settings_service.go:139.16,142.3 2 0
github.com/el-bulk/backend/service/settings_service.go:144.2,144.20 1 0
github.com/el-bulk/backend/service/settings_service.go:144.20,147.54 2 0
github.com/el-bulk/backend/service/settings_service.go:147.54,149.4 1 0
github.com/el-bulk/backend/service/settings_service.go:150.3,150.107 1 0
github.com/el-bulk/backend/service/settings_service.go:153.2,158.12 5 0
github.com/el-bulk/backend/service/settings_service.go:161.45,165.2 3 0
github.com/el-bulk/backend/service/settings_service.go:168.40,172.2 3 0
github.com/el-bulk/backend/service/storage_location_service.go:16.98,18.2 1 0
github.com/el-bulk/backend/service/storage_location_service.go:20.87,22.16 2 0
github.com/el-bulk/backend/service/storage_location_service.go:22.16,24.3 1 0
github.com/el-bulk/backend/service/storage_location_service.go:25.2,25.17 1 0
github.com/el-bulk/backend/service/storage_location_service.go:25.17,27.3 1 0
github.com/el-bulk/backend/service/storage_location_service.go:28.2,28.18 1 0
github.com/el-bulk/backend/service/storage_location_service.go:31.113,32.16 1 0
github.com/el-bulk/backend/service/storage_location_service.go:32.16,34.3 1 0
github.com/el-bulk/backend/service/storage_location_service.go:35.2,36.16 2 0
github.com/el-bulk/backend/service/storage_location_service.go:36.16,38.3 1 0
github.com/el-bulk/backend/service/storage_location_service.go:39.2,39.17 1 0
github.com/el-bulk/backend/service/storage_location_service.go:42.85,43.16 1 0
github.com/el-bulk/backend/service/storage_location_service.go:43.16,45.3 1 0
github.com/el-bulk/backend/service/storage_location_service.go:46.2,48.16 3 0
github.com/el-bulk/backend/service/storage_location_service.go:48.16,54.3 2 0
github.com/el-bulk/backend/service/storage_location_service.go:55.2,55.12 1 0
github.com/el-bulk/backend/service/storage_location_service.go:58.79,65.16 4 0
github.com/el-bulk/backend/service/storage_location_service.go:65.16,70.3 1 0
github.com/el-bulk/backend/service/storage_location_service.go:71.2,71.12 1 0
github.com/el-bulk/backend/service/tcg_service.go:20.76,25.2 1 0
github.com/el-bulk/backend/service/tcg_service.go:27.84,31.2 2 0
github.com/el-bulk/backend/service/tcg_service.go:33.94,36.2 2 0
github.com/el-bulk/backend/service/tcg_service.go:38.105,41.2 2 0
github.com/el-bulk/backend/service/tcg_service.go:43.67,46.16 3 0
github.com/el-bulk/backend/service/tcg_service.go:46.16,48.3 1 0
github.com/el-bulk/backend/service/tcg_service.go:49.2,49.15 1 0
github.com/el-bulk/backend/service/tcg_service.go:49.15,51.3 1 0
github.com/el-bulk/backend/service/tcg_service.go:52.2,52.42 1 0
github.com/el-bulk/backend/service/tcg_service.go:64.79,66.20 2 0
github.com/el-bulk/backend/service/tcg_service.go:66.20,68.3 1 0
github.com/el-bulk/backend/service/tcg_service.go:70.2,71.16 2 0
github.com/el-bulk/backend/service/tcg_service.go:71.16,74.3 2 0
github.com/el-bulk/backend/service/tcg_service.go:75.2,78.16 3 0
github.com/el-bulk/backend/service/tcg_service.go:78.16,80.3 1 0
github.com/el-bulk/backend/service/tcg_service.go:81.2,86.27 4 0
github.com/el-bulk/backend/service/tcg_service.go:86.27,96.3 2 0
github.com/el-bulk/backend/service/tcg_service.go:98.2,98.46 1 0
github.com/el-bulk/backend/service/tcg_service.go:98.46,100.24 2 0
github.com/el-bulk/backend/service/tcg_service.go:100.24,102.4 1 0
github.com/el-bulk/backend/service/tcg_service.go:103.3,108.29 4 0
github.com/el-bulk/backend/service/tcg_service.go:108.29,112.4 3 0
github.com/el-bulk/backend/service/tcg_service.go:114.3,126.17 3 0
github.com/el-bulk/backend/service/tcg_service.go:126.17,129.4 2 0
github.com/el-bulk/backend/service/tcg_service.go:132.2,134.36 2 0
github.com/el-bulk/backend/service/tcg_service.go:134.36,136.3 1 0
github.com/el-bulk/backend/service/tcg_service.go:138.2,139.23 2 0
github.com/el-bulk/backend/service/tcg_service.go:142.86,146.20 2 0
github.com/el-bulk/backend/service/tcg_service.go:146.20,148.3 1 0
github.com/el-bulk/backend/service/tcg_service.go:150.2,151.27 2 0
github.com/el-bulk/backend/service/theme_service.go:16.57,18.2 1 0
github.com/el-bulk/backend/service/theme_service.go:20.74,23.2 2 0
github.com/el-bulk/backend/service/theme_service.go:25.100,28.2 2 0
github.com/el-bulk/backend/service/theme_service.go:30.111,33.2 2 0
github.com/el-bulk/backend/service/theme_service.go:35.69,39.16 3 0
github.com/el-bulk/backend/service/theme_service.go:39.16,41.3 1 0
github.com/el-bulk/backend/service/theme_service.go:42.2,42.14 1 0
github.com/el-bulk/backend/service/theme_service.go:42.14,44.3 1 0
github.com/el-bulk/backend/service/theme_service.go:46.2,46.42 1 0
github.com/el-bulk/backend/service/translation_service.go:15.75,17.2 1 0
github.com/el-bulk/backend/service/translation_service.go:19.105,21.2 1 0
github.com/el-bulk/backend/service/translation_service.go:23.96,25.2 1 0
github.com/el-bulk/backend/service/translation_service.go:27.90,29.2 1 0
github.com/el-bulk/backend/service/translation_service.go:31.86,32.52 1 0
github.com/el-bulk/backend/service/translation_service.go:32.52,34.3 1 0
github.com/el-bulk/backend/service/translation_service.go:35.2,35.31 1 0
github.com/el-bulk/backend/service/translation_service.go:38.84,40.2 1 0
github.com/el-bulk/backend/service/translation_service.go:42.85,43.38 1 0
github.com/el-bulk/backend/service/translation_service.go:43.38,45.3 1 0
github.com/el-bulk/backend/service/translation_service.go:46.2,46.42 1 0
